JvmtiExport can_access_local_variables 0
JvmtiExport can_hotswap_or_post_breakpoint 0
JvmtiExport can_post_on_exceptions 0
# 645 ciObject found
ciMethod java/lang/Object <init> ()V 4097 1 190254 0 0
ciMethod java/lang/Object hashCode ()I 2049 1 256 0 -1
ciMethod java/lang/Object equals (Ljava/lang/Object;)Z 3073 1 4919 0 -1
ciMethod java/lang/String <init> ([CII)V 3825 1 5672 0 768
ciMethod java/lang/String <init> ([CZ)V 2065 1 9610 0 0
ciMethod java/lang/String length ()I 4097 1 42127 0 0
ciMethod java/lang/String charAt (I)C 4097 1 267704 0 -1
ciMethod java/lang/String codePointAt (I)I 1 1 426 0 -1
ciMethod java/lang/String getChars ([CI)V 2049 1 5425 0 0
ciMethod java/lang/String equals (Ljava/lang/Object;)Z 4097 15737 3776 0 -1
ciMethod java/lang/String equalsIgnoreCase (Ljava/lang/String;)Z 2177 1 5460 0 1728
ciMethod java/lang/String regionMatches (ZILjava/lang/String;II)Z 1897 6033 4139 0 0
ciMethod java/lang/String startsWith (Ljava/lang/String;I)Z 2777 7721 5697 0 416
ciMethod java/lang/String startsWith (Ljava/lang/String;)Z 2257 1 19718 0 -1
ciMethod java/lang/String endsWith (Ljava/lang/String;)Z 2137 1 9723 0 0
ciMethod java/lang/String hashCode ()I 2857 32769 1085 0 320
ciMethod java/lang/String indexOf (I)I 2049 1 13839 0 -1
ciMethod java/lang/String indexOf (II)I 1793 57345 5938 0 -1
ciMethod java/lang/String indexOfSupplementary (II)I 0 0 1 0 -1
ciMethod java/lang/String lastIndexOf (I)I 2073 1 8048 0 0
ciMethod java/lang/String lastIndexOf (II)I 841 33425 785 0 288
ciMethod java/lang/String lastIndexOfSupplementary (II)I 0 0 1 0 -1
ciMethod java/lang/String indexOf (Ljava/lang/String;)I 2049 1 6247 0 -1
ciMethod java/lang/String substring (II)Ljava/lang/String; 3177 1 5572 0 992
ciMethod java/lang/String concat (Ljava/lang/String;)Ljava/lang/String; 2049 1 5413 0 896
ciMethod java/lang/String replace (CC)Ljava/lang/String; 977 58041 1515 0 0
ciMethod java/lang/String toUpperCase (Ljava/util/Locale;)Ljava/lang/String; 897 25945 911 0 -1
ciMethod java/lang/String toCharArray ()[C 3081 1 7048 0 256
ciMethod java/lang/ClassLoader preDefineClass (Ljava/lang/String;Ljava/security/ProtectionDomain;)Ljava/security/ProtectionDomain; 3177 1 1853 0 -1
ciMethod java/lang/ClassLoader defineClassSourceLocation (Ljava/security/ProtectionDomain;)Ljava/lang/String; 3177 1 1853 0 -1
ciMethod java/lang/ClassLoader postDefineClass (Ljava/lang/Class;Ljava/security/ProtectionDomain;)V 3097 1 1852 0 -1
ciMethod java/lang/ClassLoader defineClass (Ljava/lang/String;[BIILjava/security/ProtectionDomain;)Ljava/lang/Class; 2137 1 1853 0 -1
ciMethod java/lang/ClassLoader defineClass1 (Ljava/lang/String;[BIILjava/security/ProtectionDomain;Ljava/lang/String;)Ljava/lang/Class; 4105 1 513 0 -1
ciMethod java/lang/ClassLoader checkName (Ljava/lang/String;)Z 2049 1 5394 0 -1
ciMethod java/lang/ClassLoader checkCerts (Ljava/lang/String;Ljava/security/CodeSource;)V 4097 1 1853 0 -1
ciMethod java/lang/ClassLoader definePackage (Ljava/lang/String;Ljava/lang/String;Ljava/lang/String;Ljava/lang/String;Ljava/lang/String;Ljava/lang/String;Ljava/lang/String;Ljava/net/URL;)Ljava/lang/Package; 465 1 221 0 -1
ciMethod java/lang/ClassLoader getPackage (Ljava/lang/String;)Ljava/lang/Package; 2049 1 2915 0 0
ciMethod java/lang/System nanoTime ()J 2049 1 256 0 -1
ciMethod java/lang/System arraycopy (Ljava/lang/Object;ILjava/lang/Object;II)V 10241 1 1280 0 -1
ciMethod java/lang/Throwable addSuppressed (Ljava/lang/Throwable;)V 0 0 1 0 -1
ciMethod java/security/ProtectionDomain <init> (Ljava/security/CodeSource;Ljava/security/PermissionCollection;Ljava/lang/ClassLoader;[Ljava/security/Principal;)V 177 1 60 0 -1
ciMethod java/security/ProtectionDomain getCodeSource ()Ljava/security/CodeSource; 1137 1 142 0 -1
ciMethod java/security/SecureClassLoader defineClass (Ljava/lang/String;[BIILjava/security/CodeSource;)Ljava/lang/Class; 2137 1 1830 0 0
ciMethod java/security/SecureClassLoader defineClass (Ljava/lang/String;Ljava/nio/ByteBuffer;Ljava/security/CodeSource;)Ljava/lang/Class; 0 0 1 0 -1
ciMethod java/security/SecureClassLoader getPermissions (Ljava/security/CodeSource;)Ljava/security/PermissionCollection; 329 1 39 0 -1
ciMethod java/security/SecureClassLoader getProtectionDomain (Ljava/security/CodeSource;)Ljava/security/ProtectionDomain; 2137 1 1830 0 -1
ciMethod java/lang/NoClassDefFoundError <init> (Ljava/lang/String;)V 17 1 2 0 -1
ciMethod java/lang/ref/Reference get ()Ljava/lang/Object; 2065 1 258 0 -1
ciMethod java/lang/ref/Reference <init> (Ljava/lang/Object;)V 1577 1 1187 0 0
ciMethod java/lang/ref/Reference <init> (Ljava/lang/Object;Ljava/lang/ref/ReferenceQueue;)V 2073 1 9143 0 128
ciMethod java/lang/ref/SoftReference <init> (Ljava/lang/Object;)V 1481 1 586 0 0
ciMethod java/lang/ref/SoftReference get ()Ljava/lang/Object; 2065 1 7021 0 0
ciMethod java/lang/ref/WeakReference <init> (Ljava/lang/Object;Ljava/lang/ref/ReferenceQueue;)V 2081 1 3906 0 0
ciMethod java/lang/ref/ReferenceQueue poll ()Ljava/lang/ref/Reference; 3073 1 8668 0 -1
ciMethod java/lang/Thread currentThread ()Ljava/lang/Thread; 2049 1 256 0 -1
ciMethod java/lang/Thread interrupt ()V 0 0 1 0 0
ciMethod java/lang/Thread interrupted ()Z 2049 1 2468 0 0
ciMethod java/lang/Thread isInterrupted (Z)Z 3081 1 385 0 -1
ciMethod java/lang/Thread checkAccess ()V 129 1 16 0 -1
ciMethod java/lang/Thread holdsLock (Ljava/lang/Object;)Z 0 0 1 0 -1
ciMethod java/lang/Thread interrupt0 ()V 0 0 1 0 -1
ciMethod java/util/Map get (Ljava/lang/Object;)Ljava/lang/Object; 0 0 1 0 -1
ciMethod java/util/Map put (Ljava/lang/Object;Ljava/lang/Object;)Ljava/lang/Object; 0 0 1 0 -1
ciMethod java/util/Map remove (Ljava/lang/Object;)Ljava/lang/Object; 0 0 1 0 -1
ciMethod java/lang/StringBuilder <init> ()V 1321 1 7915 0 -1
ciMethod java/lang/StringBuilder append (Ljava/lang/Object;)Ljava/lang/StringBuilder; 513 1 115 0 -1
ciMethod java/lang/StringBuilder append (Ljava/lang/String;)Ljava/lang/StringBuilder; 2753 1 20495 0 -1
ciMethod java/lang/StringBuilder append (I)Ljava/lang/StringBuilder; 9 1 229 0 -1
ciMethod java/lang/StringBuilder toString ()Ljava/lang/String; 1465 1 11215 0 -1
ciMethod sun/misc/Unsafe ensureClassInitialized (Ljava/lang/Class;)V 33 1 4 0 -1
ciMethod java/io/InputStream <init> ()V 2049 1 4109 0 0
ciMethod java/io/InputStream read ([BII)I 0 0 1 0 -1
ciMethod java/io/InputStream close ()V 0 0 1 0 -1
ciMethod java/io/File <init> (Ljava/io/File;Ljava/lang/String;)V 1025 1 75 0 -1
ciMethod java/io/File getPath ()Ljava/lang/String; 1033 1 129 0 -1
ciMethod java/io/File getCanonicalFile ()Ljava/io/File; 313 1 26 0 -1
ciMethod java/io/File exists ()Z 1401 1 132 0 -1
ciMethod java/net/URLClassLoader getAndVerifyPackage (Ljava/lang/String;Ljava/util/jar/Manifest;Ljava/net/URL;)Ljava/lang/Package; 3073 1 1830 0 0
ciMethod java/net/URLClassLoader definePackageInternal (Ljava/lang/String;Ljava/util/jar/Manifest;Ljava/net/URL;)V 2129 1 1830 0 0
ciMethod java/net/URLClassLoader defineClass (Ljava/lang/String;Lsun/misc/Resource;)Ljava/lang/Class; 1105 1 1830 0 0
ciMethod java/net/URLClassLoader definePackage (Ljava/lang/String;Ljava/util/jar/Manifest;Ljava/net/URL;)Ljava/lang/Package; 457 1 220 0 0
ciMethod java/net/URLClassLoader isSealed (Ljava/lang/String;Ljava/util/jar/Manifest;)Z 2049 1 1604 0 0
ciMethod java/net/URLClassLoader access$000 (Ljava/net/URLClassLoader;)Lsun/misc/URLClassPath; 1033 1 129 0 0
ciMethod java/net/URLClassLoader access$100 (Ljava/net/URLClassLoader;Ljava/lang/String;Lsun/misc/Resource;)Ljava/lang/Class; 1105 1 1827 0 0
ciMethod java/net/URL <init> (Ljava/net/URL;Ljava/lang/String;)V 2097 1 2147 0 -1
ciMethod java/net/URL getFile ()Ljava/lang/String; 1929 1 241 0 -1
ciMethod java/net/URL getRef ()Ljava/lang/String; 1777 1 222 0 -1
ciMethod java/net/URL equals (Ljava/lang/Object;)Z 2161 1 2716 0 -1
ciMethod java/util/jar/Manifest <init> (Ljava/io/InputStream;)V 137 1 38 0 0
ciMethod java/util/jar/Manifest <init> (Ljava/util/jar/JarVerifier;Ljava/io/InputStream;)V 137 1 38 0 -1
ciMethod java/util/jar/Manifest getMainAttributes ()Ljava/util/jar/Attributes; 1041 1 130 0 0
ciMethod java/util/jar/Manifest getEntries ()Ljava/util/Map; 1033 1 129 0 0
ciMethod java/util/jar/Manifest getAttributes (Ljava/lang/String;)Ljava/util/jar/Attributes; 3513 1 1825 0 0
ciMethod java/util/jar/Manifest getTrustedAttributes (Ljava/lang/String;)Ljava/util/jar/Attributes; 2489 1 1824 0 0
ciMethod java/util/jar/Manifest read (Ljava/io/InputStream;)V 337 9 38 0 -1
ciMethod java/security/CodeSource <init> (Ljava/net/URL;[Ljava/security/CodeSigner;)V 2129 1 1830 0 0
ciMethod java/nio/Buffer position ()I 1065 1 133 0 -1
ciMethod java/lang/Character isSurrogate (C)Z 1 1 532 0 -1
ciMethod java/lang/Character charCount (I)I 17 1 5536 0 -1
ciMethod java/lang/Character toChars (I[CI)I 0 0 1 0 -1
ciMethod java/lang/Character toChars (I)[C 0 0 1 0 -1
ciMethod java/lang/Character toLowerCase (C)C 2049 1 8396 0 0
ciMethod java/lang/Character toLowerCase (I)I 4097 1 19932 0 0
ciMethod java/lang/Character toUpperCase (C)C 1025 1 6683 0 0
ciMethod java/lang/Character toUpperCase (I)I 1025 1 6683 0 0
ciMethod java/lang/Character toUpperCaseEx (I)I 2369 1 25011 0 -1
ciMethod java/lang/Character toUpperCaseCharArray (I)[C 0 0 1 0 -1
ciMethod java/lang/NullPointerException <init> ()V 0 0 6 0 -1
ciMethod java/util/Comparator compare (Ljava/lang/Object;Ljava/lang/Object;)I 0 0 1 0 -1
ciMethod java/security/AccessController doPrivileged (Ljava/security/PrivilegedAction;)Ljava/lang/Object; 2049 1 256 0 -1
ciMethod java/util/ArrayList get (I)Ljava/lang/Object; 2001 1 7423 0 -1
ciMethod sun/misc/SharedSecrets javaUtilJarAccess ()Lsun/misc/JavaUtilJarAccess; 2049 1 3698 0 0
ciMethod java/util/HashMap hash (Ljava/lang/Object;)I 3105 1 22756 0 0
ciMethod java/util/HashMap <init> ()V 177 1 3316 0 -1
ciMethod java/util/HashMap get (Ljava/lang/Object;)Ljava/lang/Object; 2145 1 6788 0 0
ciMethod java/util/HashMap getNode (ILjava/lang/Object;)Ljava/util/HashMap$Node; 2057 17 10559 0 544
ciMethod java/util/HashMap put (Ljava/lang/Object;Ljava/lang/Object;)Ljava/lang/Object; 1193 1 5633 0 -1
ciMethod sun/misc/VM allowArraySyntax ()Z 2049 1 5394 0 -1
ciMethod java/lang/Math min (II)I 4097 1 64091 0 -1
ciMethod java/nio/charset/Charset atBugLevel (Ljava/lang/String;)Z 2049 1 245 0 -1
ciMethod java/nio/charset/Charset newEncoder ()Ljava/nio/charset/CharsetEncoder; 0 0 1 0 -1
ciMethod java/util/WeakHashMap maskNull (Ljava/lang/Object;)Ljava/lang/Object; 3081 1 6063 0 0
ciMethod java/util/WeakHashMap eq (Ljava/lang/Object;Ljava/lang/Object;)Z 1065 1 2064 0 -1
ciMethod java/util/WeakHashMap hash (Ljava/lang/Object;)I 3081 1 6063 0 0
ciMethod java/util/WeakHashMap indexFor (II)I 3081 1 6094 0 0
ciMethod java/util/WeakHashMap expungeStaleEntries ()V 3081 1 5527 0 2272
ciMethod java/util/WeakHashMap getTable ()[Ljava/util/WeakHashMap$Entry; 3081 1 6063 0 0
ciMethod java/util/WeakHashMap put (Ljava/lang/Object;Ljava/lang/Object;)Ljava/lang/Object; 2049 145 1993 0 0
ciMethod java/util/WeakHashMap resize (I)V 0 0 1 0 -1
ciMethod java/util/WeakHashMap remove (Ljava/lang/Object;)Ljava/lang/Object; 2049 89 3938 0 0
ciMethod java/util/Arrays copyOf ([BI)[B 2065 1 9605 0 480
ciMethod java/util/Arrays copyOf ([CI)[C 1921 1 8310 0 0
ciMethod java/util/Arrays copyOfRange ([CII)[C 4097 1 5672 0 512
ciMethod java/io/FilterInputStream <init> (Ljava/io/InputStream;)V 2049 1 2103 0 0
ciMethod java/io/PrintStream println (Ljava/lang/String;)V 121 1 7 0 -1
ciMethod sun/nio/cs/UTF_8 newEncoder ()Ljava/nio/charset/CharsetEncoder; 665 1 75 0 0
ciMethod sun/nio/cs/ArrayEncoder encode ([CII[B)I 0 0 1 0 -1
ciMethod sun/nio/cs/UTF_8$Encoder <init> (Ljava/nio/charset/Charset;)V 665 1 75 0 -1
ciMethod sun/nio/cs/UTF_8$Encoder encode ([CII[B)I 1025 36409 922 0 -1
ciMethod sun/nio/cs/UTF_8$Encoder <init> (Ljava/nio/charset/Charset;Lsun/nio/cs/UTF_8$1;)V 665 1 75 0 -1
ciMethod java/nio/charset/CharsetEncoder <init> (Ljava/nio/charset/Charset;FF[B)V 689 1 78 0 -1
ciMethod java/nio/charset/CharsetEncoder <init> (Ljava/nio/charset/Charset;FF)V 689 1 78 0 -1
ciMethod java/nio/charset/CharsetEncoder replaceWith ([B)Ljava/nio/charset/CharsetEncoder; 689 1 78 0 -1
ciMethod java/nio/charset/CharsetEncoder implReplaceWith ([B)V 0 0 1 0 -1
ciMethod java/nio/charset/CharsetEncoder isLegalReplacement ([B)Z 0 0 1 0 -1
ciMethod java/nio/charset/CharsetEncoder onMalformedInput (Ljava/nio/charset/CodingErrorAction;)Ljava/nio/charset/CharsetEncoder; 361 1 78 0 0
ciMethod java/nio/charset/CharsetEncoder implOnMalformedInput (Ljava/nio/charset/CodingErrorAction;)V 361 1 78 0 -1
ciMethod java/nio/charset/CharsetEncoder onUnmappableCharacter (Ljava/nio/charset/CodingErrorAction;)Ljava/nio/charset/CharsetEncoder; 361 1 78 0 0
ciMethod java/nio/charset/CharsetEncoder implOnUnmappableCharacter (Ljava/nio/charset/CodingErrorAction;)V 361 1 78 0 -1
ciMethod java/nio/charset/CharsetEncoder maxBytesPerChar ()F 3089 1 5588 0 0
ciMethod java/nio/charset/CharsetEncoder encode (Ljava/nio/CharBuffer;Ljava/nio/ByteBuffer;Z)Ljava/nio/charset/CoderResult; 0 0 14 0 -1
ciMethod java/nio/charset/CharsetEncoder flush (Ljava/nio/ByteBuffer;)Ljava/nio/charset/CoderResult; 0 0 1 0 -1
ciMethod java/nio/charset/CharsetEncoder reset ()Ljava/nio/charset/CharsetEncoder; 3073 1 5499 0 0
ciMethod java/nio/charset/CharsetEncoder implReset ()V 3073 1 5499 0 0
ciMethod java/nio/ByteBuffer wrap ([B)Ljava/nio/ByteBuffer; 1 1 517 0 -1
ciMethodData java/lang/Object <init> ()V 2 190254 orig 264 104 147 69 103 0 0 0 0 128 4 159 25 0 0 0 0 32 1 0 0 0 0 0 0 0 0 0 0 0 0 0 0 0 0 0 0 0 0 0 0 0 0 0 0 0 0 0 0 0 0 0 0 0 0 0 0 0 0 0 0 0 0 0 0 0 0 0 0 0 0 0 0 0 0 0 0 0 0 0 0 77 68 79 32 101 120 116 114 97 32 100 97 116 97 32 108 111 99 107 0 0 0 0 0 0 0 0 0 0 0 0 0 0 0 0 0 0 0 0 0 0 0 0 0 0 0 0 0 0 0 0 0 0 0 0 0 0 0 0 0 0 0 0 0 0 0 0 0 0 0 0 0 0 0 0 0 0 0 0 0 0 0 0 0 0 0 0 0 0 0 0 0 0 0 0 0 0 0 0 0 0 0 0 0 1 0 0 0 0 0 0 0 1 0 0 0 0 0 0 0 1 0 0 0 0 0 0 0 0 0 0 0 0 0 0 0 0 2 0 0 113 41 23 0 1 0 0 0 0 0 0 0 0 0 0 0 2 0 0 0 0 0 3 0 1 0 0 0 0 0 0 0 255 255 255 255 0 0 0 0 0 0 0 0 data 0 oops 0
ciMethod java/lang/IllegalArgumentException <init> (Ljava/lang/String;)V 0 0 5 0 -1
ciMethod sun/security/util/Debug println (Ljava/lang/String;)V 0 0 1 0 -1
ciMethod java/util/WeakHashMap$Entry <init> (Ljava/lang/Object;Ljava/lang/Object;Ljava/lang/ref/ReferenceQueue;ILjava/util/WeakHashMap$Entry;)V 2057 1 1993 0 0
ciMethod sun/misc/MetaIndex mayContain (Ljava/lang/String;)Z 1921 8481 2438 0 -1
ciMethod java/nio/CharBuffer wrap ([C)Ljava/nio/CharBuffer; 0 0 1 0 -1
ciMethod java/nio/charset/CoderResult isUnderflow ()Z 3089 1 25233 0 -1
ciMethod java/util/Locale getLanguage ()Ljava/lang/String; 313 1 847 0 -1
ciMethod java/lang/CharacterData toLowerCase (I)I 0 0 1 0 -1
ciMethod java/lang/CharacterData toUpperCase (I)I 0 0 1 0 -1
ciMethod java/lang/CharacterData of (I)Ljava/lang/CharacterData; 4097 1 5661 0 96
ciMethod java/lang/CharacterDataLatin1 getProperties (I)I 4097 1 24621 0 -1
ciMethod java/lang/CharacterDataLatin1 toLowerCase (I)I 4097 1 5830 0 160
ciMethod java/lang/CharacterDataLatin1 toUpperCase (I)I 2049 1 5384 0 160
ciMethod java/util/HashMap$TreeNode getTreeNode (ILjava/lang/Object;)Ljava/util/HashMap$TreeNode; 0 0 1 0 -1
ciMethodData java/lang/Character toLowerCase (I)I 2 19932 orig 264 104 147 69 103 0 0 0 0 80 186 168 25 0 0 0 0 136 1 0 0 0 0 0 0 0 0 0 0 0 0 0 0 0 0 0 0 0 0 0 0 0 0 0 0 0 0 0 0 0 0 0 0 0 0 0 0 0 0 0 0 0 0 0 0 0 0 0 0 0 0 0 0 0 0 0 0 0 0 0 0 77 68 79 32 101 120 116 114 97 32 100 97 116 97 32 108 111 99 107 0 0 0 0 0 0 0 0 0 0 0 0 0 0 0 0 0 0 0 0 0 0 0 0 0 0 0 0 0 0 0 0 0 0 0 0 0 0 0 0 0 0 0 0 0 0 0 0 0 0 0 0 0 0 0 0 0 0 0 0 0 0 0 0 0 0 0 0 0 0 0 0 0 0 0 0 0 0 0 0 0 0 0 0 0 0 0 0 0 0 0 0 0 0 0 0 0 0 0 0 0 0 0 0 0 0 0 0 0 0 0 0 0 0 0 0 0 0 2 0 0 225 94 2 0 1 0 0 0 0 0 0 0 0 0 0 0 2 0 0 0 0 0 3 0 2 0 0 0 64 0 0 0 255 255 255 255 2 0 1 0 0 0 0 0 data 8 0x10002 0x4bdc 0x50005 0x0 0x1bafde80 0x4bdc 0x0 0x0 oops 1